Performing C SOURCE FILE Test CMAKE_HAVE_LIBC_PTHREAD failed with the following output:
Change Dir: /home/diogo_fonte/feup/prog/projetos/progp2/cmake-build-debug/CMakeFiles/CMakeTmp

Run Build Command(s):/snap/clion/178/bin/ninja/linux/ninja cmTC_5d0cc && [1/2] Building C object CMakeFiles/cmTC_5d0cc.dir/src.c.o
[2/2] Linking C executable cmTC_5d0cc
FAILED: cmTC_5d0cc 
: && /usr/bin/cc   CMakeFiles/cmTC_5d0cc.dir/src.c.o -o cmTC_5d0cc   && :
/usr/bin/ld: CMakeFiles/cmTC_5d0cc.dir/src.c.o: na função "main":
src.c:(.text+0x46): referência não definida para "pthread_create"
/usr/bin/ld: src.c:(.text+0x52): referência não definida para "pthread_detach"
/usr/bin/ld: src.c:(.text+0x5e): referência não definida para "pthread_cancel"
/usr/bin/ld: src.c:(.text+0x6f): referência não definida para "pthread_join"
collect2: error: ld returned 1 exit status
ninja: build stopped: subcommand failed.


Source file was:
#include <pthread.h>

static void* test_func(void* data)
{
  return data;
}

int main(void)
{
  pthread_t thread;
  pthread_create(&thread, NULL, test_func, NULL);
  pthread_detach(thread);
  pthread_cancel(thread);
  pthread_join(thread, NULL);
  pthread_atfork(NULL, NULL, NULL);
  pthread_exit(NULL);

  return 0;
}

Determining if the function pthread_create exists in the pthreads failed with the following output:
Change Dir: /home/diogo_fonte/feup/prog/projetos/progp2/cmake-build-debug/CMakeFiles/CMakeTmp

Run Build Command(s):/snap/clion/178/bin/ninja/linux/ninja cmTC_bbaf0 && [1/2] Building C object CMakeFiles/cmTC_bbaf0.dir/CheckFunctionExists.c.o
[2/2] Linking C executable cmTC_bbaf0
FAILED: cmTC_bbaf0 
: && /usr/bin/cc -DCHECK_FUNCTION_EXISTS=pthread_create  CMakeFiles/cmTC_bbaf0.dir/CheckFunctionExists.c.o -o cmTC_bbaf0  -lpthreads && :
/usr/bin/ld: não foi possível localizar -lpthreads
collect2: error: ld returned 1 exit status
ninja: build stopped: subcommand failed.



