Performing C SOURCE FILE Test CMAKE_HAVE_LIBC_PTHREAD failed with the following output:
Change Dir: /home/diogo_fonte/feup/prog/projetos/progp1/cmake-build-debug/CMakeFiles/CMakeTmp

Run Build Command(s):/snap/clion/177/bin/ninja/linux/ninja cmTC_7a7e3 && [1/2] Building C object CMakeFiles/cmTC_7a7e3.dir/src.c.o
[2/2] Linking C executable cmTC_7a7e3
FAILED: cmTC_7a7e3 
: && /usr/bin/cc   CMakeFiles/cmTC_7a7e3.dir/src.c.o -o cmTC_7a7e3   && :
/usr/bin/ld: CMakeFiles/cmTC_7a7e3.dir/src.c.o: na função "main":
src.c:(.text+0x46): referência não definida para "pthread_create"
/usr/bin/ld: src.c:(.text+0x52): referência não definida para "pthread_detach"
/usr/bin/ld: src.c:(.text+0x5e): referência não definida para "pthread_cancel"
/usr/bin/ld: src.c:(.text+0x6f): referência não definida para "pthread_join"
collect2: error: ld returned 1 exit status
ninja: build stopped: subcommand failed.


Source file was:
#include <pthread.h>

static void* test_func(void* data)
{
  return data;
}

int main(void)
{
  pthread_t thread;
  pthread_create(&thread, NULL, test_func, NULL);
  pthread_detach(thread);
  pthread_cancel(thread);
  pthread_join(thread, NULL);
  pthread_atfork(NULL, NULL, NULL);
  pthread_exit(NULL);

  return 0;
}

Determining if the function pthread_create exists in the pthreads failed with the following output:
Change Dir: /home/diogo_fonte/feup/prog/projetos/progp1/cmake-build-debug/CMakeFiles/CMakeTmp

Run Build Command(s):/snap/clion/177/bin/ninja/linux/ninja cmTC_8c54a && [1/2] Building C object CMakeFiles/cmTC_8c54a.dir/CheckFunctionExists.c.o
[2/2] Linking C executable cmTC_8c54a
FAILED: cmTC_8c54a 
: && /usr/bin/cc -DCHECK_FUNCTION_EXISTS=pthread_create  CMakeFiles/cmTC_8c54a.dir/CheckFunctionExists.c.o -o cmTC_8c54a  -lpthreads && :
/usr/bin/ld: não foi possível localizar -lpthreads
collect2: error: ld returned 1 exit status
ninja: build stopped: subcommand failed.



